[0m11:14:45.631958 [debug] [MainThread]: Sending event: {'category': 'dbt', 'action': 'invocation', 'label': 'start', 'context': [<snowplow_tracker.self_describing_json.SelfDescribingJson object at 0x111fbb1d0>, <snowplow_tracker.self_describing_json.SelfDescribingJson object at 0x111fb7a90>, <snowplow_tracker.self_describing_json.SelfDescribingJson object at 0x111fba090>]}


============================== 11:14:45.634660 | e2d92d1e-ae18-4b5a-8ad3-986a4ffc2413 ==============================
[0m11:14:45.634660 [info ] [MainThread]: Running with dbt=1.8.8
[0m11:14:45.635101 [debug] [MainThread]: running dbt with arguments {'empty': 'None', 'version_check': 'True', 'fail_fast': 'False', 'use_colors': 'True', 'log_format': 'default', 'target_path': 'None', 'introspect': 'True', 'log_path': 'logs', 'send_anonymous_usage_stats': 'True', 'invocation_command': 'dbt init jaffle_shop', 'warn_error_options': 'WarnErrorOptions(include=[], exclude=[])', 'debug': 'False', 'no_print': 'None', 'log_cache_events': 'False', 'quiet': 'False', 'profiles_dir': '/Users/justin/.dbt', 'cache_selected_only': 'False', 'static_parser': 'True', 'partial_parse': 'True', 'warn_error': 'None', 'write_json': 'True', 'indirect_selection': 'eager', 'printer_width': '80', 'use_experimental_parser': 'False'}
[0m11:14:45.646853 [warn ] [MainThread]: [ConfigFolderDirectory]: Unable to parse dict {'dir': PosixPath('/Users/justin/.dbt')}
[0m11:14:45.647177 [info ] [MainThread]: Creating dbt configuration folder at 
[0m11:14:45.648496 [debug] [MainThread]: Starter project path: /opt/miniconda3/envs/dbt/lib/python3.11/site-packages/dbt/include/starter_project
[0m11:14:45.663796 [info ] [MainThread]: 
Your new dbt project "jaffle_shop" was created!

For more information on how to configure the profiles.yml file,
please consult the dbt documentation here:

  https://docs.getdbt.com/docs/configure-your-profile

One more thing:

Need help? Don't hesitate to reach out to us via GitHub issues or on Slack:

  https://community.getdbt.com/

Happy modeling!

[0m11:14:45.664293 [info ] [MainThread]: Setting up your profile.
[0m11:16:54.255995 [info ] [MainThread]: Profile jaffle_shop written to /Users/justin/.dbt/profiles.yml using target's profile_template.yml and your supplied values. Run 'dbt debug' to validate the connection.
[0m11:16:54.502785 [debug] [MainThread]: Resource report: {"command_name": "init", "command_success": true, "command_wall_clock_time": 128.90309, "process_user_time": 0.787438, "process_kernel_time": 0.263149, "process_mem_max_rss": "104267776", "process_in_blocks": "0", "process_out_blocks": "0"}
[0m11:16:54.504131 [debug] [MainThread]: Command `dbt init` succeeded at 11:16:54.504000 after 128.91 seconds
[0m11:16:54.504736 [debug] [MainThread]: Sending event: {'category': 'dbt', 'action': 'invocation', 'label': 'end', 'context': [<snowplow_tracker.self_describing_json.SelfDescribingJson object at 0x111f65f50>, <snowplow_tracker.self_describing_json.SelfDescribingJson object at 0x111fb9510>, <snowplow_tracker.self_describing_json.SelfDescribingJson object at 0x112067e90>]}
[0m11:16:54.505265 [debug] [MainThread]: Flushing usage events
